<?xml version="1.0" encoding="UTF-8"?>
<!-- Generated by org.testng.reporters.JUnitReportReporter -->
<testsuite hostname="DESKTOP-2JBFBCA" failures="0" tests="1" name="Academy.validateTitle" time="0.087" errors="0" timestamp="2021-05-26T14:53:23 EDT" skipped="0">
  <testcase classname="Academy.validateTitle" name="validateAppTitle" time="0.087"/>
  <system-out/>
</testsuite> <!-- Academy.validateTitle -->
