<?xml version="1.0" encoding="UTF-8"?>
<!-- Generated by org.testng.reporters.JUnitReportReporter -->
<testsuite hostname="DESKTOP-2JBFBCA" failures="0" tests="2" name="Academy.HomePage" time="13.067" errors="0" timestamp="2021-05-26T14:53:23 EDT" skipped="0">
  <testcase classname="Academy.HomePage" name="basePageNavigation" time="7.290"/>
  <system-out/>
  <testcase classname="Academy.HomePage" name="basePageNavigation" time="5.777"/>
  <system-out/>
</testsuite> <!-- Academy.HomePage -->
