<?xml version="1.0" encoding="UTF-8"?>
<!-- Generated by org.testng.reporters.JUnitReportReporter -->
<testsuite hostname="DESKTOP-2JBFBCA" failures="0" tests="1" name="Academy.validateNavigationBar" time="0.111" errors="0" timestamp="2021-05-26T14:53:23 EDT" skipped="0">
  <testcase classname="Academy.validateNavigationBar" name="validateAppNavBar" time="0.111"/>
  <system-out/>
</testsuite> <!-- Academy.validateNavigationBar -->
