<?xml version="1.0" encoding="UTF-8"?>
<!-- Generated by org.testng.reporters.JUnitReportReporter -->
<testsuite hostname="DESKTOP-2JBFBCA" failures="0" tests="2" name="Academy.HomePage" time="10.950" errors="0" timestamp="28 May 2021 00:54:31 GMT">
  <testcase classname="Academy.HomePage" name="basePageNavigation" time="6.495"/>
  <testcase classname="Academy.HomePage" name="basePageNavigation" time="4.455"/>
</testsuite> <!-- Academy.HomePage -->
