<?xml version="1.0" encoding="UTF-8"?>
<!-- Generated by org.testng.reporters.JUnitReportReporter -->
<testsuite hostname="DESKTOP-2JBFBCA" failures="0" tests="1" name="Academy.validateNavigationBar" time="0.119" errors="0" timestamp="26 May 2021 18:56:12 GMT">
  <testcase classname="Academy.validateNavigationBar" name="validateAppNavBar" time="0.119"/>
</testsuite> <!-- Academy.validateNavigationBar -->
