<?xml version="1.0" encoding="UTF-8"?>
<!-- Generated by org.testng.reporters.JUnitReportReporter -->
<testsuite hostname="DESKTOP-2JBFBCA" failures="0" tests="2" name="Academy.HomePage" time="11.792" errors="0" timestamp="26 May 2021 18:56:12 GMT">
  <testcase classname="Academy.HomePage" name="basePageNavigation" time="7.300"/>
  <testcase classname="Academy.HomePage" name="basePageNavigation" time="4.492"/>
</testsuite> <!-- Academy.HomePage -->
