<?xml version="1.0" encoding="UTF-8"?>
<!-- Generated by org.testng.reporters.JUnitReportReporter -->
<testsuite hostname="DESKTOP-2JBFBCA" failures="0" tests="1" name="Academy.validateTitle" time="0.047" errors="0" timestamp="28 May 2021 00:54:31 GMT">
  <testcase classname="Academy.validateTitle" name="validateAppTitle" time="0.047"/>
</testsuite> <!-- Academy.validateTitle -->
